2023-03-12_10-46-33 [restartedMain] INFO  c.e.p.PensionerDetailApplication - Starting PensionerDetailApplication using Java 18.0.2 with PID 3416 (D:\code\Java\pensionerDetail\target\classes started by Rituraj in D:\code\Java\pensionerDetail)
2023-03-12_10-46-33 [restartedMain] INFO  c.e.p.PensionerDetailApplication - No active profile set, falling back to 1 default profile: "default"
2023-03-12_10-46-33 [restartedMain] INFO  o.s.b.d.e.DevToolsPropertyDefaultsPostProcessor - Devtools property defaults active! Set 'spring.devtools.add-properties' to 'false' to disable
2023-03-12_10-46-33 [restartedMain] INFO  o.s.b.d.e.DevToolsPropertyDefaultsPostProcessor - For additional web related logging consider setting the 'logging.level.web' property to 'DEBUG'
2023-03-12_10-46-33 [restartedMain] INFO  o.s.d.r.c.RepositoryConfigurationDelegate - Bootstrapping Spring Data JPA repositories in DEFAULT mode.
2023-03-12_10-46-33 [restartedMain] INFO  o.s.d.r.c.RepositoryConfigurationDelegate - Finished Spring Data repository scanning in 169 ms. Found 1 JPA repository interfaces.
2023-03-12_10-46-33 [restartedMain] INFO  o.s.cloud.context.scope.GenericScope - BeanFactory id=ca7b9a24-4c1b-3e8e-971a-caa11fa2ca57
2023-03-12_10-46-33 [restartedMain] INFO  o.s.c.s.PostProcessorRegistrationDelegate$BeanPostProcessorChecker - Bean 'com.example.pensionerDetail.client.AuthClient' of type [org.springframework.cloud.openfeign.FeignClientFactoryBean] is not eligible for getting processed by all BeanPostProcessors (for example: not eligible for auto-proxying)
2023-03-12_10-46-33 [restartedMain] INFO  o.s.b.w.e.tomcat.TomcatWebServer - Tomcat initialized with port(s): 8080 (http)
2023-03-12_10-46-33 [restartedMain] INFO  o.a.coyote.http11.Http11NioProtocol - Initializing ProtocolHandler ["http-nio-8080"]
2023-03-12_10-46-33 [restartedMain] INFO  o.a.catalina.core.StandardService - Starting service [Tomcat]
2023-03-12_10-46-33 [restartedMain] INFO  o.a.catalina.core.StandardEngine - Starting Servlet engine: [Apache Tomcat/10.1.5]
2023-03-12_10-46-33 [restartedMain] INFO  o.a.c.c.C.[Tomcat].[localhost].[/] - Initializing Spring embedded WebApplicationContext
2023-03-12_10-46-33 [restartedMain] INFO  o.s.b.w.s.c.ServletWebServerApplicationContext - Root WebApplicationContext: initialization completed in 6016 ms
2023-03-12_10-46-33 [restartedMain] INFO  com.zaxxer.hikari.HikariDataSource - HikariPool-1 - Starting...
2023-03-12_10-46-33 [restartedMain] INFO  com.zaxxer.hikari.pool.HikariPool - HikariPool-1 - Added connection conn0: url=jdbc:h2:mem:pensionerDetail user=SA
2023-03-12_10-46-33 [restartedMain] INFO  com.zaxxer.hikari.HikariDataSource - HikariPool-1 - Start completed.
2023-03-12_10-46-33 [restartedMain] INFO  o.s.b.a.h.H2ConsoleAutoConfiguration - H2 console available at '/db'. Database available at 'jdbc:h2:mem:pensionerDetail'
2023-03-12_10-46-33 [restartedMain] INFO  o.h.jpa.internal.util.LogHelper - HHH000204: Processing PersistenceUnitInfo [name: default]
2023-03-12_10-46-33 [restartedMain] INFO  org.hibernate.Version - HHH000412: Hibernate ORM core version 6.1.6.Final
2023-03-12_10-46-33 [restartedMain] INFO  SQL dialect - HHH000400: Using dialect: org.hibernate.dialect.H2Dialect
2023-03-12_10-46-33 [restartedMain] INFO  o.h.c.b.TypeSafeActivator - Error calling `jakarta.validation.Validation#buildDefaultValidatorFactory`
jakarta.validation.NoProviderFoundException: Unable to create a Configuration, because no Jakarta Bean Validation provider could be found. Add a provider like Hibernate Validator (RI) to your classpath.
	at jakarta.validation.Validation$GenericBootstrapImpl.configure(Validation.java:291)
	at jakarta.validation.Validation.buildDefaultValidatorFactory(Validation.java:103)
	at org.hibernate.cfg.beanvalidation.TypeSafeActivator.getValidatorFactory(TypeSafeActivator.java:479)
	at org.hibernate.cfg.beanvalidation.TypeSafeActivator.activate(TypeSafeActivator.java:82)
	at java.base/jdk.internal.reflect.DirectMethodHandleAccessor.invoke(DirectMethodHandleAccessor.java:104)
	at java.base/java.lang.reflect.Method.invoke(Method.java:577)
	at org.hibernate.cfg.beanvalidation.BeanValidationIntegrator.integrate(BeanValidationIntegrator.java:137)
	at org.hibernate.internal.SessionFactoryImpl.<init>(SessionFactoryImpl.java:287)
	at org.hibernate.boot.internal.SessionFactoryBuilderImpl.build(SessionFactoryBuilderImpl.java:415)
	at org.hibernate.jpa.boot.internal.EntityManagerFactoryBuilderImpl.build(EntityManagerFactoryBuilderImpl.java:1425)
	at org.springframework.orm.jpa.vendor.SpringHibernateJpaPersistenceProvider.createContainerEntityManagerFactory(SpringHibernateJpaPersistenceProvider.java:66)
	at org.springframework.orm.jpa.LocalContainerEntityManagerFactoryBean.createNativeEntityManagerFactory(LocalContainerEntityManagerFactoryBean.java:376)
	at org.springframework.orm.jpa.AbstractEntityManagerFactoryBean.buildNativeEntityManagerFactory(AbstractEntityManagerFactoryBean.java:409)
	at org.springframework.orm.jpa.AbstractEntityManagerFactoryBean.afterPropertiesSet(AbstractEntityManagerFactoryBean.java:396)
	at org.springframework.orm.jpa.LocalContainerEntityManagerFactoryBean.afterPropertiesSet(LocalContainerEntityManagerFactoryBean.java:352)
	at org.springframework.beans.factory.support.AbstractAutowireCapableBeanFactory.invokeInitMethods(AbstractAutowireCapableBeanFactory.java:1797)
	at org.springframework.beans.factory.support.AbstractAutowireCapableBeanFactory.initializeBean(AbstractAutowireCapableBeanFactory.java:1747)
	at org.springframework.beans.factory.support.AbstractAutowireCapableBeanFactory.doCreateBean(AbstractAutowireCapableBeanFactory.java:599)
	at org.springframework.beans.factory.support.AbstractAutowireCapableBeanFactory.createBean(AbstractAutowireCapableBeanFactory.java:521)
	at org.springframework.beans.factory.support.AbstractBeanFactory.lambda$doGetBean$0(AbstractBeanFactory.java:326)
	at org.springframework.beans.factory.support.DefaultSingletonBeanRegistry.getSingleton(DefaultSingletonBeanRegistry.java:234)
	at org.springframework.beans.factory.support.AbstractBeanFactory.doGetBean(AbstractBeanFactory.java:324)
	at org.springframework.beans.factory.support.AbstractBeanFactory.getBean(AbstractBeanFactory.java:200)
	at org.springframework.context.support.AbstractApplicationContext.getBean(AbstractApplicationContext.java:1130)
	at org.springframework.context.support.AbstractApplicationContext.finishBeanFactoryInitialization(AbstractApplicationContext.java:905)
	at org.springframework.context.support.AbstractApplicationContext.refresh(AbstractApplicationContext.java:584)
	at org.springframework.boot.web.servlet.context.ServletWebServerApplicationContext.refresh(ServletWebServerApplicationContext.java:146)
	at org.springframework.boot.SpringApplication.refresh(SpringApplication.java:730)
	at org.springframework.boot.SpringApplication.refreshContext(SpringApplication.java:432)
	at org.springframework.boot.SpringApplication.run(SpringApplication.java:308)
	at org.springframework.boot.SpringApplication.run(SpringApplication.java:1302)
	at org.springframework.boot.SpringApplication.run(SpringApplication.java:1291)
	at com.example.pensionerDetail.PensionerDetailApplication.main(PensionerDetailApplication.java:13)
	at java.base/jdk.internal.reflect.DirectMethodHandleAccessor.invoke(DirectMethodHandleAccessor.java:104)
	at java.base/java.lang.reflect.Method.invoke(Method.java:577)
	at org.springframework.boot.devtools.restart.RestartLauncher.run(RestartLauncher.java:49)
2023-03-12_10-46-33 [restartedMain] INFO  o.h.e.t.j.p.i.JtaPlatformInitiator - HHH000490: Using JtaPlatform implementation: [org.hibernate.engine.transaction.jta.platform.internal.NoJtaPlatform]
2023-03-12_10-46-33 [restartedMain] INFO  o.s.o.j.LocalContainerEntityManagerFactoryBean - Initialized JPA EntityManagerFactory for persistence unit 'default'
2023-03-12_10-46-33 [restartedMain] INFO  o.a.coyote.http11.Http11NioProtocol - Starting ProtocolHandler ["http-nio-8080"]
2023-03-12_10-46-33 [restartedMain] INFO  o.s.b.w.e.tomcat.TomcatWebServer - Tomcat started on port(s): 8080 (http) with context path ''
2023-03-12_10-46-33 [restartedMain] INFO  c.e.p.PensionerDetailApplication - Started PensionerDetailApplication in 19.292 seconds (process running for 21.87)
2023-03-12_10-46-33 [http-nio-8080-exec-1] INFO  o.a.c.c.C.[Tomcat].[localhost].[/] - Initializing Spring DispatcherServlet 'dispatcherServlet'
2023-03-12_10-46-33 [http-nio-8080-exec-1] INFO  o.s.web.servlet.DispatcherServlet - Initializing Servlet 'dispatcherServlet'
2023-03-12_10-46-33 [http-nio-8080-exec-1] INFO  o.s.web.servlet.DispatcherServlet - Completed initialization in 3 ms
2023-03-12_10-46-33 [http-nio-8080-exec-1] INFO  c.e.p.c.PensionerDetailController - START pensionerDetailByAadhaar
2023-03-12_10-46-33 [http-nio-8080-exec-1] INFO  c.e.p.service.PensionerDetailService - START pensionerDetailByAadhaar
2023-03-12_10-46-33 [http-nio-8080-exec-1] INFO  c.e.p.service.PensionerDetailService - END pensionerDetailByAadhaar
2023-03-12_10-46-33 [http-nio-8080-exec-2] INFO  c.e.p.c.PensionerDetailController - START pensionerDetailByAadhaar
2023-03-12_10-46-33 [http-nio-8080-exec-2] INFO  c.e.p.service.PensionerDetailService - START pensionerDetailByAadhaar
2023-03-12_10-46-33 [http-nio-8080-exec-2] INFO  c.e.p.service.PensionerDetailService - END pensionerDetailByAadhaar
2023-03-12_10-46-33 [http-nio-8080-exec-3] INFO  c.e.p.c.PensionerDetailController - START pensionerDetailByAadhaar
2023-03-12_10-46-33 [http-nio-8080-exec-3] INFO  c.e.p.service.PensionerDetailService - START pensionerDetailByAadhaar
2023-03-12_10-46-33 [http-nio-8080-exec-3] INFO  c.e.p.service.PensionerDetailService - END pensionerDetailByAadhaar
2023-03-12_10-46-33 [http-nio-8080-exec-4] INFO  c.e.p.c.PensionerDetailController - START pensionerDetailByAadhaar
2023-03-12_10-46-33 [http-nio-8080-exec-4] INFO  c.e.p.service.PensionerDetailService - START pensionerDetailByAadhaar
2023-03-12_10-46-33 [http-nio-8080-exec-4] INFO  c.e.p.service.PensionerDetailService - END pensionerDetailByAadhaar
2023-03-12_10-46-33 [http-nio-8080-exec-6] INFO  c.e.p.c.PensionerDetailController - START pensionerDetailByAadhaar
2023-03-12_10-46-33 [http-nio-8080-exec-6] INFO  c.e.p.service.PensionerDetailService - START pensionerDetailByAadhaar
2023-03-12_10-46-33 [http-nio-8080-exec-6] INFO  c.e.p.service.PensionerDetailService - END pensionerDetailByAadhaar
2023-03-12_10-46-33 [http-nio-8080-exec-7] INFO  c.e.p.c.PensionerDetailController - START pensionerDetailByAadhaar
2023-03-12_10-46-33 [http-nio-8080-exec-7] INFO  c.e.p.service.PensionerDetailService - START pensionerDetailByAadhaar
2023-03-12_10-46-33 [http-nio-8080-exec-7] INFO  c.e.p.service.PensionerDetailService - END pensionerDetailByAadhaar
2023-03-12_10-46-33 [http-nio-8080-exec-10] INFO  c.e.p.c.PensionerDetailController - START pensionerDetailByAadhaar
2023-03-12_10-46-33 [http-nio-8080-exec-10] INFO  c.e.p.service.PensionerDetailService - START pensionerDetailByAadhaar
2023-03-12_10-46-33 [http-nio-8080-exec-10] INFO  c.e.p.service.PensionerDetailService - END pensionerDetailByAadhaar
2023-03-12_10-46-33 [http-nio-8080-exec-3] INFO  c.e.p.c.PensionerDetailController - START pensionerDetailByAadhaar
2023-03-12_10-46-33 [http-nio-8080-exec-3] INFO  c.e.p.service.PensionerDetailService - START pensionerDetailByAadhaar
2023-03-12_10-46-33 [http-nio-8080-exec-3] INFO  c.e.p.service.PensionerDetailService - END pensionerDetailByAadhaar
2023-03-12_10-46-33 [http-nio-8080-exec-4] INFO  c.e.p.c.PensionerDetailController - START pensionerDetailByAadhaar
2023-03-12_10-46-33 [http-nio-8080-exec-4] INFO  c.e.p.service.PensionerDetailService - START pensionerDetailByAadhaar
2023-03-12_10-46-33 [http-nio-8080-exec-4] INFO  c.e.p.service.PensionerDetailService - END pensionerDetailByAadhaar
2023-03-12_10-46-33 [http-nio-8080-exec-8] INFO  c.e.p.c.PensionerDetailController - START pensionerDetailByAadhaar
2023-03-12_10-46-33 [http-nio-8080-exec-8] INFO  c.e.p.service.PensionerDetailService - START pensionerDetailByAadhaar
2023-03-12_10-46-33 [http-nio-8080-exec-8] INFO  c.e.p.service.PensionerDetailService - END pensionerDetailByAadhaar
2023-03-12_10-46-33 [http-nio-8080-exec-9] INFO  c.e.p.c.PensionerDetailController - START pensionerDetailByAadhaar
2023-03-12_10-46-33 [http-nio-8080-exec-9] INFO  c.e.p.service.PensionerDetailService - START pensionerDetailByAadhaar
2023-03-12_10-46-33 [http-nio-8080-exec-9] INFO  c.e.p.service.PensionerDetailService - END pensionerDetailByAadhaar
2023-03-12_10-46-33 [http-nio-8080-exec-10] INFO  c.e.p.c.PensionerDetailController - START pensionerDetailByAadhaar
2023-03-12_10-46-33 [http-nio-8080-exec-10] INFO  c.e.p.service.PensionerDetailService - START pensionerDetailByAadhaar
2023-03-12_10-46-33 [http-nio-8080-exec-10] INFO  c.e.p.service.PensionerDetailService - END pensionerDetailByAadhaar
2023-03-12_10-46-33 [http-nio-8080-exec-2] INFO  c.e.p.c.PensionerDetailController - START pensionerDetailByAadhaar
2023-03-12_10-46-33 [http-nio-8080-exec-2] INFO  c.e.p.service.PensionerDetailService - START pensionerDetailByAadhaar
2023-03-12_10-46-33 [http-nio-8080-exec-2] INFO  c.e.p.service.PensionerDetailService - END pensionerDetailByAadhaar
2023-03-12_10-46-33 [http-nio-8080-exec-3] INFO  c.e.p.c.PensionerDetailController - START pensionerDetailByAadhaar
2023-03-12_10-46-33 [http-nio-8080-exec-3] INFO  c.e.p.service.PensionerDetailService - START pensionerDetailByAadhaar
2023-03-12_10-46-33 [http-nio-8080-exec-3] INFO  c.e.p.service.PensionerDetailService - END pensionerDetailByAadhaar
2023-03-12_10-46-33 [http-nio-8080-exec-5] INFO  c.e.p.c.PensionerDetailController - START pensionerDetailByAadhaar
2023-03-12_10-46-33 [http-nio-8080-exec-5] INFO  c.e.p.service.PensionerDetailService - START pensionerDetailByAadhaar
2023-03-12_10-46-33 [http-nio-8080-exec-5] INFO  c.e.p.service.PensionerDetailService - END pensionerDetailByAadhaar
2023-03-12_10-46-33 [http-nio-8080-exec-4] INFO  c.e.p.c.PensionerDetailController - START pensionerDetailByAadhaar
2023-03-12_10-46-33 [http-nio-8080-exec-4] INFO  c.e.p.service.PensionerDetailService - START pensionerDetailByAadhaar
2023-03-12_10-46-33 [http-nio-8080-exec-4] INFO  c.e.p.service.PensionerDetailService - END pensionerDetailByAadhaar
2023-03-12_10-46-33 [http-nio-8080-exec-6] INFO  c.e.p.c.PensionerDetailController - START pensionerDetailByAadhaar
2023-03-12_10-46-33 [http-nio-8080-exec-6] INFO  c.e.p.service.PensionerDetailService - START pensionerDetailByAadhaar
2023-03-12_10-46-33 [http-nio-8080-exec-6] INFO  c.e.p.service.PensionerDetailService - END pensionerDetailByAadhaar
2023-03-12_10-46-33 [http-nio-8080-exec-8] INFO  c.e.p.c.PensionerDetailController - START pensionerDetailByAadhaar
2023-03-12_10-46-33 [http-nio-8080-exec-8] INFO  c.e.p.service.PensionerDetailService - START pensionerDetailByAadhaar
2023-03-12_10-46-33 [http-nio-8080-exec-8] INFO  c.e.p.service.PensionerDetailService - END pensionerDetailByAadhaar
2023-03-12_10-46-33 [http-nio-8080-exec-7] INFO  c.e.p.c.PensionerDetailController - START pensionerDetailByAadhaar
2023-03-12_10-46-33 [http-nio-8080-exec-7] INFO  c.e.p.service.PensionerDetailService - START pensionerDetailByAadhaar
2023-03-12_10-46-33 [http-nio-8080-exec-7] INFO  c.e.p.service.PensionerDetailService - END pensionerDetailByAadhaar
2023-03-12_10-46-33 [http-nio-8080-exec-9] INFO  c.e.p.c.PensionerDetailController - START pensionerDetailByAadhaar
2023-03-12_10-46-33 [http-nio-8080-exec-9] INFO  c.e.p.service.PensionerDetailService - START pensionerDetailByAadhaar
2023-03-12_10-46-33 [http-nio-8080-exec-9] INFO  c.e.p.service.PensionerDetailService - END pensionerDetailByAadhaar
2023-03-12_10-46-33 [http-nio-8080-exec-10] INFO  c.e.p.c.PensionerDetailController - START pensionerDetailByAadhaar
2023-03-12_10-46-33 [http-nio-8080-exec-10] INFO  c.e.p.service.PensionerDetailService - START pensionerDetailByAadhaar
2023-03-12_10-46-33 [http-nio-8080-exec-10] INFO  c.e.p.service.PensionerDetailService - END pensionerDetailByAadhaar
2023-03-12_10-46-33 [http-nio-8080-exec-1] INFO  c.e.p.c.PensionerDetailController - START pensionerDetailByAadhaar
2023-03-12_10-46-33 [http-nio-8080-exec-1] INFO  c.e.p.service.PensionerDetailService - START pensionerDetailByAadhaar
2023-03-12_10-46-33 [http-nio-8080-exec-1] INFO  c.e.p.service.PensionerDetailService - END pensionerDetailByAadhaar
2023-03-12_10-46-33 [http-nio-8080-exec-5] INFO  c.e.p.c.PensionerDetailController - START pensionerDetailByAadhaar
2023-03-12_10-46-33 [http-nio-8080-exec-5] INFO  c.e.p.service.PensionerDetailService - START pensionerDetailByAadhaar
2023-03-12_10-46-33 [http-nio-8080-exec-5] INFO  c.e.p.service.PensionerDetailService - END pensionerDetailByAadhaar
2023-03-12_10-46-33 [http-nio-8080-exec-4] INFO  c.e.p.c.PensionerDetailController - START pensionerDetailByAadhaar
2023-03-12_10-46-33 [http-nio-8080-exec-4] INFO  c.e.p.service.PensionerDetailService - START pensionerDetailByAadhaar
2023-03-12_10-46-33 [http-nio-8080-exec-4] INFO  c.e.p.service.PensionerDetailService - END pensionerDetailByAadhaar
2023-03-12_10-46-33 [http-nio-8080-exec-6] INFO  c.e.p.c.PensionerDetailController - START pensionerDetailByAadhaar
2023-03-12_10-46-33 [http-nio-8080-exec-6] INFO  c.e.p.service.PensionerDetailService - START pensionerDetailByAadhaar
2023-03-12_10-46-33 [http-nio-8080-exec-6] INFO  c.e.p.service.PensionerDetailService - END pensionerDetailByAadhaar
2023-03-12_10-46-33 [http-nio-8080-exec-8] INFO  c.e.p.c.PensionerDetailController - START pensionerDetailByAadhaar
2023-03-12_10-46-33 [http-nio-8080-exec-8] INFO  c.e.p.service.PensionerDetailService - START pensionerDetailByAadhaar
2023-03-12_10-46-33 [http-nio-8080-exec-8] INFO  c.e.p.service.PensionerDetailService - END pensionerDetailByAadhaar
2023-03-12_10-46-33 [http-nio-8080-exec-10] INFO  c.e.p.c.PensionerDetailController - START pensionerDetailByAadhaar
2023-03-12_10-46-33 [http-nio-8080-exec-10] INFO  c.e.p.service.PensionerDetailService - START pensionerDetailByAadhaar
2023-03-12_10-46-33 [http-nio-8080-exec-10] INFO  c.e.p.service.PensionerDetailService - END pensionerDetailByAadhaar
2023-03-12_10-46-33 [http-nio-8080-exec-2] INFO  c.e.p.c.PensionerDetailController - START pensionerDetailByAadhaar
2023-03-12_10-46-33 [http-nio-8080-exec-2] INFO  c.e.p.service.PensionerDetailService - START pensionerDetailByAadhaar
2023-03-12_10-46-33 [http-nio-8080-exec-2] INFO  c.e.p.service.PensionerDetailService - END pensionerDetailByAadhaar
2023-03-12_10-46-33 [http-nio-8080-exec-5] INFO  c.e.p.c.PensionerDetailController - START pensionerDetailByAadhaar
2023-03-12_10-46-33 [http-nio-8080-exec-5] INFO  c.e.p.service.PensionerDetailService - START pensionerDetailByAadhaar
2023-03-12_10-46-33 [http-nio-8080-exec-5] INFO  c.e.p.service.PensionerDetailService - END pensionerDetailByAadhaar
2023-03-12_10-46-33 [http-nio-8080-exec-6] INFO  c.e.p.c.PensionerDetailController - START pensionerDetailByAadhaar
2023-03-12_10-46-33 [http-nio-8080-exec-6] INFO  c.e.p.service.PensionerDetailService - START pensionerDetailByAadhaar
2023-03-12_10-46-33 [http-nio-8080-exec-6] INFO  c.e.p.service.PensionerDetailService - END pensionerDetailByAadhaar
2023-03-12_10-46-33 [http-nio-8080-exec-8] INFO  c.e.p.c.PensionerDetailController - START pensionerDetailByAadhaar
2023-03-12_10-46-33 [http-nio-8080-exec-8] INFO  c.e.p.service.PensionerDetailService - START pensionerDetailByAadhaar
2023-03-12_10-46-33 [http-nio-8080-exec-8] INFO  c.e.p.service.PensionerDetailService - END pensionerDetailByAadhaar
2023-03-12_10-46-33 [http-nio-8080-exec-10] INFO  c.e.p.c.PensionerDetailController - START pensionerDetailByAadhaar
2023-03-12_10-46-33 [http-nio-8080-exec-10] INFO  c.e.p.service.PensionerDetailService - START pensionerDetailByAadhaar
2023-03-12_10-46-33 [http-nio-8080-exec-10] INFO  c.e.p.service.PensionerDetailService - END pensionerDetailByAadhaar
2023-03-12_10-46-33 [http-nio-8080-exec-2] INFO  c.e.p.c.PensionerDetailController - START pensionerDetailByAadhaar
2023-03-12_10-46-33 [http-nio-8080-exec-2] INFO  c.e.p.service.PensionerDetailService - START pensionerDetailByAadhaar
2023-03-12_10-46-33 [http-nio-8080-exec-2] INFO  c.e.p.service.PensionerDetailService - END pensionerDetailByAadhaar
2023-03-12_10-46-33 [http-nio-8080-exec-5] INFO  c.e.p.c.PensionerDetailController - START pensionerDetailByAadhaar
2023-03-12_10-46-33 [http-nio-8080-exec-5] INFO  c.e.p.service.PensionerDetailService - START pensionerDetailByAadhaar
2023-03-12_10-46-33 [http-nio-8080-exec-5] INFO  c.e.p.service.PensionerDetailService - END pensionerDetailByAadhaar
2023-03-12_10-46-33 [http-nio-8080-exec-6] INFO  c.e.p.c.PensionerDetailController - START pensionerDetailByAadhaar
2023-03-12_10-46-33 [http-nio-8080-exec-6] INFO  c.e.p.service.PensionerDetailService - START pensionerDetailByAadhaar
2023-03-12_10-46-33 [http-nio-8080-exec-6] INFO  c.e.p.service.PensionerDetailService - END pensionerDetailByAadhaar
2023-03-12_10-46-33 [http-nio-8080-exec-7] INFO  c.e.p.c.PensionerDetailController - START pensionerDetailByAadhaar
2023-03-12_10-46-33 [http-nio-8080-exec-7] INFO  c.e.p.service.PensionerDetailService - START pensionerDetailByAadhaar
2023-03-12_10-46-33 [http-nio-8080-exec-7] INFO  c.e.p.service.PensionerDetailService - END pensionerDetailByAadhaar
2023-03-12_10-46-33 [http-nio-8080-exec-9] INFO  c.e.p.c.PensionerDetailController - START pensionerDetailByAadhaar
2023-03-12_10-46-33 [http-nio-8080-exec-9] INFO  c.e.p.service.PensionerDetailService - START pensionerDetailByAadhaar
2023-03-12_10-46-33 [http-nio-8080-exec-9] INFO  c.e.p.service.PensionerDetailService - END pensionerDetailByAadhaar
2023-03-12_10-46-33 [http-nio-8080-exec-2] INFO  c.e.p.c.PensionerDetailController - START pensionerDetailByAadhaar
2023-03-12_10-46-33 [http-nio-8080-exec-2] INFO  c.e.p.service.PensionerDetailService - START pensionerDetailByAadhaar
2023-03-12_10-46-33 [http-nio-8080-exec-2] INFO  c.e.p.service.PensionerDetailService - END pensionerDetailByAadhaar
2023-03-12_10-46-33 [http-nio-8080-exec-3] INFO  c.e.p.c.PensionerDetailController - START pensionerDetailByAadhaar
2023-03-12_10-46-33 [http-nio-8080-exec-3] INFO  c.e.p.service.PensionerDetailService - START pensionerDetailByAadhaar
2023-03-12_10-46-33 [http-nio-8080-exec-3] INFO  c.e.p.service.PensionerDetailService - END pensionerDetailByAadhaar
2023-03-12_10-46-33 [http-nio-8080-exec-5] INFO  c.e.p.c.PensionerDetailController - START pensionerDetailByAadhaar
2023-03-12_10-46-33 [http-nio-8080-exec-5] INFO  c.e.p.service.PensionerDetailService - START pensionerDetailByAadhaar
2023-03-12_10-46-33 [http-nio-8080-exec-5] INFO  c.e.p.service.PensionerDetailService - END pensionerDetailByAadhaar
2023-03-12_10-46-33 [http-nio-8080-exec-8] INFO  c.e.p.c.PensionerDetailController - START pensionerDetailByAadhaar
2023-03-12_10-46-33 [http-nio-8080-exec-8] INFO  c.e.p.service.PensionerDetailService - START pensionerDetailByAadhaar
2023-03-12_10-46-33 [http-nio-8080-exec-8] INFO  c.e.p.service.PensionerDetailService - END pensionerDetailByAadhaar
2023-03-12_10-46-33 [http-nio-8080-exec-7] INFO  c.e.p.c.PensionerDetailController - START pensionerDetailByAadhaar
2023-03-12_10-46-33 [http-nio-8080-exec-7] INFO  c.e.p.service.PensionerDetailService - START pensionerDetailByAadhaar
2023-03-12_10-46-33 [http-nio-8080-exec-7] INFO  c.e.p.service.PensionerDetailService - END pensionerDetailByAadhaar
2023-03-12_10-46-33 [http-nio-8080-exec-9] INFO  c.e.p.c.PensionerDetailController - START pensionerDetailByAadhaar
2023-03-12_10-46-33 [http-nio-8080-exec-9] INFO  c.e.p.service.PensionerDetailService - START pensionerDetailByAadhaar
2023-03-12_10-46-33 [http-nio-8080-exec-9] INFO  c.e.p.service.PensionerDetailService - END pensionerDetailByAadhaar
2023-03-12_10-46-33 [http-nio-8080-exec-1] INFO  c.e.p.c.PensionerDetailController - START pensionerDetailByAadhaar
2023-03-12_10-46-33 [http-nio-8080-exec-1] INFO  c.e.p.service.PensionerDetailService - START pensionerDetailByAadhaar
2023-03-12_10-46-33 [http-nio-8080-exec-1] INFO  c.e.p.service.PensionerDetailService - END pensionerDetailByAadhaar
2023-03-12_10-46-33 [http-nio-8080-exec-3] INFO  c.e.p.c.PensionerDetailController - START pensionerDetailByAadhaar
2023-03-12_10-46-33 [http-nio-8080-exec-3] INFO  c.e.p.service.PensionerDetailService - START pensionerDetailByAadhaar
2023-03-12_10-46-33 [http-nio-8080-exec-3] INFO  c.e.p.service.PensionerDetailService - END pensionerDetailByAadhaar
2023-03-12_21-09-34 [main] INFO  o.s.t.c.s.AnnotationConfigContextLoaderUtils - Could not detect default configuration classes for test class [com.example.PensionerDetail.service.PensionerDetailServiceTest]: PensionerDetailServiceTest does not declare any static, non-private, non-final, nested classes annotated with @Configuration.
2023-03-12_21-09-34 [main] INFO  o.s.b.t.c.SpringBootTestContextBootstrapper - Found @SpringBootConfiguration com.example.pensionerDetail.PensionerDetailApplication for test class com.example.PensionerDetail.service.PensionerDetailServiceTest
2023-03-12_21-09-37 [main] INFO  c.e.P.s.PensionerDetailServiceTest - Starting PensionerDetailServiceTest using Java 18.0.2 with PID 13376 (started by Rituraj in D:\code\Java\pensionerDetail)
2023-03-12_21-09-37 [main] INFO  c.e.P.s.PensionerDetailServiceTest - No active profile set, falling back to 1 default profile: "default"
2023-03-12_21-09-37 [main] INFO  o.s.d.r.c.RepositoryConfigurationDelegate - Bootstrapping Spring Data JPA repositories in DEFAULT mode.
2023-03-12_21-09-37 [main] INFO  o.s.d.r.c.RepositoryConfigurationDelegate - Finished Spring Data repository scanning in 162 ms. Found 1 JPA repository interfaces.
2023-03-12_21-09-37 [main] INFO  o.s.cloud.context.scope.GenericScope - BeanFactory id=b286e658-6126-352c-8445-6446008210eb
2023-03-12_21-09-37 [main] INFO  o.s.c.s.PostProcessorRegistrationDelegate$BeanPostProcessorChecker - Bean 'com.example.pensionerDetail.client.AuthClient' of type [org.springframework.cloud.openfeign.FeignClientFactoryBean] is not eligible for getting processed by all BeanPostProcessors (for example: not eligible for auto-proxying)
2023-03-12_21-09-37 [main] INFO  com.zaxxer.hikari.HikariDataSource - HikariPool-1 - Starting...
2023-03-12_21-09-37 [main] INFO  com.zaxxer.hikari.pool.HikariPool - HikariPool-1 - Added connection conn0: url=jdbc:h2:mem:pensionerDetail user=SA
2023-03-12_21-09-37 [main] INFO  com.zaxxer.hikari.HikariDataSource - HikariPool-1 - Start completed.
2023-03-12_21-09-37 [main] INFO  o.h.jpa.internal.util.LogHelper - HHH000204: Processing PersistenceUnitInfo [name: default]
2023-03-12_21-09-37 [main] INFO  org.hibernate.Version - HHH000412: Hibernate ORM core version 6.1.6.Final
2023-03-12_21-09-37 [main] INFO  SQL dialect - HHH000400: Using dialect: org.hibernate.dialect.H2Dialect
2023-03-12_21-09-37 [main] INFO  o.h.c.b.TypeSafeActivator - Error calling `jakarta.validation.Validation#buildDefaultValidatorFactory`
jakarta.validation.NoProviderFoundException: Unable to create a Configuration, because no Jakarta Bean Validation provider could be found. Add a provider like Hibernate Validator (RI) to your classpath.
	at jakarta.validation.Validation$GenericBootstrapImpl.configure(Validation.java:291)
	at jakarta.validation.Validation.buildDefaultValidatorFactory(Validation.java:103)
	at org.hibernate.cfg.beanvalidation.TypeSafeActivator.getValidatorFactory(TypeSafeActivator.java:479)
	at org.hibernate.cfg.beanvalidation.TypeSafeActivator.activate(TypeSafeActivator.java:82)
	at java.base/jdk.internal.reflect.DirectMethodHandleAccessor.invoke(DirectMethodHandleAccessor.java:104)
	at java.base/java.lang.reflect.Method.invoke(Method.java:577)
	at org.hibernate.cfg.beanvalidation.BeanValidationIntegrator.integrate(BeanValidationIntegrator.java:137)
	at org.hibernate.internal.SessionFactoryImpl.<init>(SessionFactoryImpl.java:287)
	at org.hibernate.boot.internal.SessionFactoryBuilderImpl.build(SessionFactoryBuilderImpl.java:415)
	at org.hibernate.jpa.boot.internal.EntityManagerFactoryBuilderImpl.build(EntityManagerFactoryBuilderImpl.java:1425)
	at org.springframework.orm.jpa.vendor.SpringHibernateJpaPersistenceProvider.createContainerEntityManagerFactory(SpringHibernateJpaPersistenceProvider.java:66)
	at org.springframework.orm.jpa.LocalContainerEntityManagerFactoryBean.createNativeEntityManagerFactory(LocalContainerEntityManagerFactoryBean.java:376)
	at org.springframework.orm.jpa.AbstractEntityManagerFactoryBean.buildNativeEntityManagerFactory(AbstractEntityManagerFactoryBean.java:409)
	at org.springframework.orm.jpa.AbstractEntityManagerFactoryBean.afterPropertiesSet(AbstractEntityManagerFactoryBean.java:396)
	at org.springframework.orm.jpa.LocalContainerEntityManagerFactoryBean.afterPropertiesSet(LocalContainerEntityManagerFactoryBean.java:352)
	at org.springframework.beans.factory.support.AbstractAutowireCapableBeanFactory.invokeInitMethods(AbstractAutowireCapableBeanFactory.java:1797)
	at org.springframework.beans.factory.support.AbstractAutowireCapableBeanFactory.initializeBean(AbstractAutowireCapableBeanFactory.java:1747)
	at org.springframework.beans.factory.support.AbstractAutowireCapableBeanFactory.doCreateBean(AbstractAutowireCapableBeanFactory.java:599)
	at org.springframework.beans.factory.support.AbstractAutowireCapableBeanFactory.createBean(AbstractAutowireCapableBeanFactory.java:521)
	at org.springframework.beans.factory.support.AbstractBeanFactory.lambda$doGetBean$0(AbstractBeanFactory.java:326)
	at org.springframework.beans.factory.support.DefaultSingletonBeanRegistry.getSingleton(DefaultSingletonBeanRegistry.java:234)
	at org.springframework.beans.factory.support.AbstractBeanFactory.doGetBean(AbstractBeanFactory.java:324)
	at org.springframework.beans.factory.support.AbstractBeanFactory.getBean(AbstractBeanFactory.java:200)
	at org.springframework.context.support.AbstractApplicationContext.getBean(AbstractApplicationContext.java:1130)
	at org.springframework.context.support.AbstractApplicationContext.finishBeanFactoryInitialization(AbstractApplicationContext.java:905)
	at org.springframework.context.support.AbstractApplicationContext.refresh(AbstractApplicationContext.java:584)
	at org.springframework.boot.SpringApplication.refresh(SpringApplication.java:730)
	at org.springframework.boot.SpringApplication.refreshContext(SpringApplication.java:432)
	at org.springframework.boot.SpringApplication.run(SpringApplication.java:308)
	at org.springframework.boot.test.context.SpringBootContextLoader.lambda$loadContext$3(SpringBootContextLoader.java:137)
	at org.springframework.util.function.ThrowingSupplier.get(ThrowingSupplier.java:59)
	at org.springframework.util.function.ThrowingSupplier.get(ThrowingSupplier.java:47)
	at org.springframework.boot.SpringApplication.withHook(SpringApplication.java:1386)
	at org.springframework.boot.test.context.SpringBootContextLoader$ContextLoaderHook.run(SpringBootContextLoader.java:543)
	at org.springframework.boot.test.context.SpringBootContextLoader.loadContext(SpringBootContextLoader.java:137)
	at org.springframework.boot.test.context.SpringBootContextLoader.loadContext(SpringBootContextLoader.java:108)
	at org.springframework.test.context.cache.DefaultCacheAwareContextLoaderDelegate.loadContextInternal(DefaultCacheAwareContextLoaderDelegate.java:184)
	at org.springframework.test.context.cache.DefaultCacheAwareContextLoaderDelegate.loadContext(DefaultCacheAwareContextLoaderDelegate.java:118)
	at org.springframework.test.context.support.DefaultTestContext.getApplicationContext(DefaultTestContext.java:127)
	at org.springframework.test.context.web.ServletTestExecutionListener.setUpRequestContextIfNecessary(ServletTestExecutionListener.java:191)
	at org.springframework.test.context.web.ServletTestExecutionListener.prepareTestInstance(ServletTestExecutionListener.java:130)
	at org.springframework.test.context.TestContextManager.prepareTestInstance(TestContextManager.java:241)
	at org.springframework.test.context.junit.jupiter.SpringExtension.postProcessTestInstance(SpringExtension.java:138)
	at org.junit.jupiter.engine.descriptor.ClassBasedTestDescriptor.lambda$invokeTestInstancePostProcessors$10(ClassBasedTestDescriptor.java:377)
	at org.junit.jupiter.engine.descriptor.ClassBasedTestDescriptor.executeAndMaskThrowable(ClassBasedTestDescriptor.java:382)
	at org.junit.jupiter.engine.descriptor.ClassBasedTestDescriptor.lambda$invokeTestInstancePostProcessors$11(ClassBasedTestDescriptor.java:377)
	at java.base/java.util.stream.ReferencePipeline$3$1.accept(ReferencePipeline.java:197)
	at java.base/java.util.stream.ReferencePipeline$2$1.accept(ReferencePipeline.java:179)
	at java.base/java.util.ArrayList$ArrayListSpliterator.forEachRemaining(ArrayList.java:1625)
	at java.base/java.util.stream.AbstractPipeline.copyInto(AbstractPipeline.java:509)
	at java.base/java.util.stream.AbstractPipeline.wrapAndCopyInto(AbstractPipeline.java:499)
	at java.base/java.util.stream.StreamSpliterators$WrappingSpliterator.forEachRemaining(StreamSpliterators.java:310)
	at java.base/java.util.stream.Streams$ConcatSpliterator.forEachRemaining(Streams.java:735)
	at java.base/java.util.stream.Streams$ConcatSpliterator.forEachRemaining(Streams.java:734)
	at java.base/java.util.stream.ReferencePipeline$Head.forEach(ReferencePipeline.java:762)
	at org.junit.jupiter.engine.descriptor.ClassBasedTestDescriptor.invokeTestInstancePostProcessors(ClassBasedTestDescriptor.java:376)
	at org.junit.jupiter.engine.descriptor.ClassBasedTestDescriptor.lambda$instantiateAndPostProcessTestInstance$6(ClassBasedTestDescriptor.java:289)
	at org.junit.platform.engine.support.hierarchical.ThrowableCollector.execute(ThrowableCollector.java:73)
	at org.junit.jupiter.engine.descriptor.ClassBasedTestDescriptor.instantiateAndPostProcessTestInstance(ClassBasedTestDescriptor.java:288)
	at org.junit.jupiter.engine.descriptor.ClassBasedTestDescriptor.lambda$testInstancesProvider$4(ClassBasedTestDescriptor.java:278)
	at java.base/java.util.Optional.orElseGet(Optional.java:364)
	at org.junit.jupiter.engine.descriptor.ClassBasedTestDescriptor.lambda$testInstancesProvider$5(ClassBasedTestDescriptor.java:277)
	at org.junit.jupiter.engine.execution.TestInstancesProvider.getTestInstances(TestInstancesProvider.java:31)
	at org.junit.jupiter.engine.descriptor.TestMethodTestDescriptor.lambda$prepare$0(TestMethodTestDescriptor.java:105)
	at org.junit.platform.engine.support.hierarchical.ThrowableCollector.execute(ThrowableCollector.java:73)
	at org.junit.jupiter.engine.descriptor.TestMethodTestDescriptor.prepare(TestMethodTestDescriptor.java:104)
	at org.junit.jupiter.engine.descriptor.TestMethodTestDescriptor.prepare(TestMethodTestDescriptor.java:68)
	at org.junit.platform.engine.support.hierarchical.NodeTestTask.lambda$prepare$2(NodeTestTask.java:123)
	at org.junit.platform.engine.support.hierarchical.ThrowableCollector.execute(ThrowableCollector.java:73)
	at org.junit.platform.engine.support.hierarchical.NodeTestTask.prepare(NodeTestTask.java:123)
	at org.junit.platform.engine.support.hierarchical.NodeTestTask.execute(NodeTestTask.java:90)
	at java.base/java.util.ArrayList.forEach(ArrayList.java:1511)
	at org.junit.platform.engine.support.hierarchical.SameThreadHierarchicalTestExecutorService.invokeAll(SameThreadHierarchicalTestExecutorService.java:41)
	at org.junit.platform.engine.support.hierarchical.NodeTestTask.lambda$executeRecursively$6(NodeTestTask.java:155)
	at org.junit.platform.engine.support.hierarchical.ThrowableCollector.execute(ThrowableCollector.java:73)
	at org.junit.platform.engine.support.hierarchical.NodeTestTask.lambda$executeRecursively$8(NodeTestTask.java:141)
	at org.junit.platform.engine.support.hierarchical.Node.around(Node.java:137)
	at org.junit.platform.engine.support.hierarchical.NodeTestTask.lambda$executeRecursively$9(NodeTestTask.java:139)
	at org.junit.platform.engine.support.hierarchical.ThrowableCollector.execute(ThrowableCollector.java:73)
	at org.junit.platform.engine.support.hierarchical.NodeTestTask.executeRecursively(NodeTestTask.java:138)
	at org.junit.platform.engine.support.hierarchical.NodeTestTask.execute(NodeTestTask.java:95)
	at java.base/java.util.ArrayList.forEach(ArrayList.java:1511)
	at org.junit.platform.engine.support.hierarchical.SameThreadHierarchicalTestExecutorService.invokeAll(SameThreadHierarchicalTestExecutorService.java:41)
	at org.junit.platform.engine.support.hierarchical.NodeTestTask.lambda$executeRecursively$6(NodeTestTask.java:155)
	at org.junit.platform.engine.support.hierarchical.ThrowableCollector.execute(ThrowableCollector.java:73)
	at org.junit.platform.engine.support.hierarchical.NodeTestTask.lambda$executeRecursively$8(NodeTestTask.java:141)
	at org.junit.platform.engine.support.hierarchical.Node.around(Node.java:137)
	at org.junit.platform.engine.support.hierarchical.NodeTestTask.lambda$executeRecursively$9(NodeTestTask.java:139)
	at org.junit.platform.engine.support.hierarchical.ThrowableCollector.execute(ThrowableCollector.java:73)
	at org.junit.platform.engine.support.hierarchical.NodeTestTask.executeRecursively(NodeTestTask.java:138)
	at org.junit.platform.engine.support.hierarchical.NodeTestTask.execute(NodeTestTask.java:95)
	at org.junit.platform.engine.support.hierarchical.SameThreadHierarchicalTestExecutorService.submit(SameThreadHierarchicalTestExecutorService.java:35)
	at org.junit.platform.engine.support.hierarchical.HierarchicalTestExecutor.execute(HierarchicalTestExecutor.java:57)
	at org.junit.platform.engine.support.hierarchical.HierarchicalTestEngine.execute(HierarchicalTestEngine.java:54)
	at org.junit.platform.launcher.core.EngineExecutionOrchestrator.execute(EngineExecutionOrchestrator.java:147)
	at org.junit.platform.launcher.core.EngineExecutionOrchestrator.execute(EngineExecutionOrchestrator.java:127)
	at org.junit.platform.launcher.core.EngineExecutionOrchestrator.execute(EngineExecutionOrchestrator.java:90)
	at org.junit.platform.launcher.core.EngineExecutionOrchestrator.lambda$execute$0(EngineExecutionOrchestrator.java:55)
	at org.junit.platform.launcher.core.EngineExecutionOrchestrator.withInterceptedStreams(EngineExecutionOrchestrator.java:102)
	at org.junit.platform.launcher.core.EngineExecutionOrchestrator.execute(EngineExecutionOrchestrator.java:54)
	at org.junit.platform.launcher.core.DefaultLauncher.execute(DefaultLauncher.java:114)
	at org.junit.platform.launcher.core.DefaultLauncher.execute(DefaultLauncher.java:95)
	at org.junit.platform.launcher.core.DefaultLauncherSession$DelegatingLauncher.execute(DefaultLauncherSession.java:91)
	at org.junit.platform.launcher.core.SessionPerRequestLauncher.execute(SessionPerRequestLauncher.java:60)
	at org.eclipse.jdt.internal.junit5.runner.JUnit5TestReference.run(JUnit5TestReference.java:98)
	at org.eclipse.jdt.internal.junit.runner.TestExecution.run(TestExecution.java:40)
	at org.eclipse.jdt.internal.junit.runner.RemoteTestRunner.runTests(RemoteTestRunner.java:529)
	at org.eclipse.jdt.internal.junit.runner.RemoteTestRunner.runTests(RemoteTestRunner.java:756)
	at org.eclipse.jdt.internal.junit.runner.RemoteTestRunner.run(RemoteTestRunner.java:452)
	at org.eclipse.jdt.internal.junit.runner.RemoteTestRunner.main(RemoteTestRunner.java:210)
2023-03-12_21-09-37 [main] INFO  o.h.e.t.j.p.i.JtaPlatformInitiator - HHH000490: Using JtaPlatform implementation: [org.hibernate.engine.transaction.jta.platform.internal.NoJtaPlatform]
2023-03-12_21-09-37 [main] INFO  o.s.o.j.LocalContainerEntityManagerFactoryBean - Initialized JPA EntityManagerFactory for persistence unit 'default'
2023-03-12_21-09-37 [main] INFO  o.s.b.a.h.H2ConsoleAutoConfiguration - H2 console available at '/db'. Database available at 'jdbc:h2:mem:pensionerDetail'
2023-03-12_21-09-37 [main] INFO  o.s.b.t.m.w.SpringBootMockServletContext - Initializing Spring TestDispatcherServlet ''
2023-03-12_21-09-37 [main] INFO  o.s.t.w.s.TestDispatcherServlet - Initializing Servlet ''
2023-03-12_21-09-37 [main] INFO  o.s.t.w.s.TestDispatcherServlet - Completed initialization in 3 ms
2023-03-12_21-09-37 [main] INFO  c.e.P.s.PensionerDetailServiceTest - Started PensionerDetailServiceTest in 17.395 seconds (process running for 22.526)
2023-03-12_21-09-37 [main] INFO  c.e.p.service.PensionerDetailService - START pensionerDetailByAadhaar
2023-03-12_21-09-37 [main] INFO  c.e.p.service.PensionerDetailService - END pensionerDetailByAadhaar
2023-03-12_21-09-37 [main] INFO  c.e.p.service.PensionerDetailService - START pensionerDetailByAadhaar
2023-03-12_21-09-37 [main] INFO  c.e.p.service.PensionerDetailService - END pensionerDetailByAadhaar
2023-03-12_21-09-37 [main] INFO  c.e.p.service.PensionerDetailService - START pensionerDetailByAadhaar
2023-03-12_21-09-37 [main] INFO  c.e.p.service.PensionerDetailService - END pensionerDetailByAadhaar
2023-03-12_21-09-37 [main] INFO  o.s.t.c.s.AnnotationConfigContextLoaderUtils - Could not detect default configuration classes for test class [com.example.PensionerDetail.PensionerDetailApplicationTests]: PensionerDetailApplicationTests does not declare any static, non-private, non-final, nested classes annotated with @Configuration.
2023-03-12_21-09-37 [main] INFO  o.s.b.t.c.SpringBootTestContextBootstrapper - Found @SpringBootConfiguration com.example.pensionerDetail.PensionerDetailApplication for test class com.example.PensionerDetail.PensionerDetailApplicationTests
2023-03-12_21-09-54 [main] INFO  c.e.P.PensionerDetailApplicationTests - Starting PensionerDetailApplicationTests using Java 18.0.2 with PID 13376 (started by Rituraj in D:\code\Java\pensionerDetail)
2023-03-12_21-09-54 [main] INFO  c.e.P.PensionerDetailApplicationTests - No active profile set, falling back to 1 default profile: "default"
2023-03-12_21-09-54 [main] INFO  o.s.d.r.c.RepositoryConfigurationDelegate - Bootstrapping Spring Data JPA repositories in DEFAULT mode.
2023-03-12_21-09-54 [main] INFO  o.s.d.r.c.RepositoryConfigurationDelegate - Finished Spring Data repository scanning in 16 ms. Found 1 JPA repository interfaces.
2023-03-12_21-09-54 [main] INFO  o.s.cloud.context.scope.GenericScope - BeanFactory id=060ee226-6180-3ede-9e10-fbab340564fb
2023-03-12_21-09-54 [main] INFO  o.s.c.s.PostProcessorRegistrationDelegate$BeanPostProcessorChecker - Bean 'com.example.pensionerDetail.client.AuthClient' of type [org.springframework.cloud.openfeign.FeignClientFactoryBean] is not eligible for getting processed by all BeanPostProcessors (for example: not eligible for auto-proxying)
2023-03-12_21-09-54 [main] INFO  com.zaxxer.hikari.HikariDataSource - HikariPool-2 - Starting...
2023-03-12_21-09-54 [main] INFO  com.zaxxer.hikari.pool.HikariPool - HikariPool-2 - Added connection conn10: url=jdbc:h2:mem:pensionerDetail user=SA
2023-03-12_21-09-54 [main] INFO  com.zaxxer.hikari.HikariDataSource - HikariPool-2 - Start completed.
2023-03-12_21-09-54 [main] INFO  o.h.jpa.internal.util.LogHelper - HHH000204: Processing PersistenceUnitInfo [name: default]
2023-03-12_21-09-54 [main] INFO  SQL dialect - HHH000400: Using dialect: org.hibernate.dialect.H2Dialect
2023-03-12_21-09-54 [main] INFO  o.h.c.b.TypeSafeActivator - Error calling `jakarta.validation.Validation#buildDefaultValidatorFactory`
jakarta.validation.NoProviderFoundException: Unable to create a Configuration, because no Jakarta Bean Validation provider could be found. Add a provider like Hibernate Validator (RI) to your classpath.
	at jakarta.validation.Validation$GenericBootstrapImpl.configure(Validation.java:291)
	at jakarta.validation.Validation.buildDefaultValidatorFactory(Validation.java:103)
	at org.hibernate.cfg.beanvalidation.TypeSafeActivator.getValidatorFactory(TypeSafeActivator.java:479)
	at org.hibernate.cfg.beanvalidation.TypeSafeActivator.activate(TypeSafeActivator.java:82)
	at java.base/jdk.internal.reflect.DirectMethodHandleAccessor.invoke(DirectMethodHandleAccessor.java:104)
	at java.base/java.lang.reflect.Method.invoke(Method.java:577)
	at org.hibernate.cfg.beanvalidation.BeanValidationIntegrator.integrate(BeanValidationIntegrator.java:137)
	at org.hibernate.internal.SessionFactoryImpl.<init>(SessionFactoryImpl.java:287)
	at org.hibernate.boot.internal.SessionFactoryBuilderImpl.build(SessionFactoryBuilderImpl.java:415)
	at org.hibernate.jpa.boot.internal.EntityManagerFactoryBuilderImpl.build(EntityManagerFactoryBuilderImpl.java:1425)
	at org.springframework.orm.jpa.vendor.SpringHibernateJpaPersistenceProvider.createContainerEntityManagerFactory(SpringHibernateJpaPersistenceProvider.java:66)
	at org.springframework.orm.jpa.LocalContainerEntityManagerFactoryBean.createNativeEntityManagerFactory(LocalContainerEntityManagerFactoryBean.java:376)
	at org.springframework.orm.jpa.AbstractEntityManagerFactoryBean.buildNativeEntityManagerFactory(AbstractEntityManagerFactoryBean.java:409)
	at org.springframework.orm.jpa.AbstractEntityManagerFactoryBean.afterPropertiesSet(AbstractEntityManagerFactoryBean.java:396)
	at org.springframework.orm.jpa.LocalContainerEntityManagerFactoryBean.afterPropertiesSet(LocalContainerEntityManagerFactoryBean.java:352)
	at org.springframework.beans.factory.support.AbstractAutowireCapableBeanFactory.invokeInitMethods(AbstractAutowireCapableBeanFactory.java:1797)
	at org.springframework.beans.factory.support.AbstractAutowireCapableBeanFactory.initializeBean(AbstractAutowireCapableBeanFactory.java:1747)
	at org.springframework.beans.factory.support.AbstractAutowireCapableBeanFactory.doCreateBean(AbstractAutowireCapableBeanFactory.java:599)
	at org.springframework.beans.factory.support.AbstractAutowireCapableBeanFactory.createBean(AbstractAutowireCapableBeanFactory.java:521)
	at org.springframework.beans.factory.support.AbstractBeanFactory.lambda$doGetBean$0(AbstractBeanFactory.java:326)
	at org.springframework.beans.factory.support.DefaultSingletonBeanRegistry.getSingleton(DefaultSingletonBeanRegistry.java:234)
	at org.springframework.beans.factory.support.AbstractBeanFactory.doGetBean(AbstractBeanFactory.java:324)
	at org.springframework.beans.factory.support.AbstractBeanFactory.getBean(AbstractBeanFactory.java:200)
	at org.springframework.context.support.AbstractApplicationContext.getBean(AbstractApplicationContext.java:1130)
	at org.springframework.context.support.AbstractApplicationContext.finishBeanFactoryInitialization(AbstractApplicationContext.java:905)
	at org.springframework.context.support.AbstractApplicationContext.refresh(AbstractApplicationContext.java:584)
	at org.springframework.boot.SpringApplication.refresh(SpringApplication.java:730)
	at org.springframework.boot.SpringApplication.refreshContext(SpringApplication.java:432)
	at org.springframework.boot.SpringApplication.run(SpringApplication.java:308)
	at org.springframework.boot.test.context.SpringBootContextLoader.lambda$loadContext$3(SpringBootContextLoader.java:137)
	at org.springframework.util.function.ThrowingSupplier.get(ThrowingSupplier.java:59)
	at org.springframework.util.function.ThrowingSupplier.get(ThrowingSupplier.java:47)
	at org.springframework.boot.SpringApplication.withHook(SpringApplication.java:1386)
	at org.springframework.boot.test.context.SpringBootContextLoader$ContextLoaderHook.run(SpringBootContextLoader.java:543)
	at org.springframework.boot.test.context.SpringBootContextLoader.loadContext(SpringBootContextLoader.java:137)
	at org.springframework.boot.test.context.SpringBootContextLoader.loadContext(SpringBootContextLoader.java:108)
	at org.springframework.test.context.cache.DefaultCacheAwareContextLoaderDelegate.loadContextInternal(DefaultCacheAwareContextLoaderDelegate.java:184)
	at org.springframework.test.context.cache.DefaultCacheAwareContextLoaderDelegate.loadContext(DefaultCacheAwareContextLoaderDelegate.java:118)
	at org.springframework.test.context.support.DefaultTestContext.getApplicationContext(DefaultTestContext.java:127)
	at org.springframework.test.context.web.ServletTestExecutionListener.setUpRequestContextIfNecessary(ServletTestExecutionListener.java:191)
	at org.springframework.test.context.web.ServletTestExecutionListener.prepareTestInstance(ServletTestExecutionListener.java:130)
	at org.springframework.test.context.TestContextManager.prepareTestInstance(TestContextManager.java:241)
	at org.springframework.test.context.junit.jupiter.SpringExtension.postProcessTestInstance(SpringExtension.java:138)
	at org.junit.jupiter.engine.descriptor.ClassBasedTestDescriptor.lambda$invokeTestInstancePostProcessors$10(ClassBasedTestDescriptor.java:377)
	at org.junit.jupiter.engine.descriptor.ClassBasedTestDescriptor.executeAndMaskThrowable(ClassBasedTestDescriptor.java:382)
	at org.junit.jupiter.engine.descriptor.ClassBasedTestDescriptor.lambda$invokeTestInstancePostProcessors$11(ClassBasedTestDescriptor.java:377)
	at java.base/java.util.stream.ReferencePipeline$3$1.accept(ReferencePipeline.java:197)
	at java.base/java.util.stream.ReferencePipeline$2$1.accept(ReferencePipeline.java:179)
	at java.base/java.util.ArrayList$ArrayListSpliterator.forEachRemaining(ArrayList.java:1625)
	at java.base/java.util.stream.AbstractPipeline.copyInto(AbstractPipeline.java:509)
	at java.base/java.util.stream.AbstractPipeline.wrapAndCopyInto(AbstractPipeline.java:499)
	at java.base/java.util.stream.StreamSpliterators$WrappingSpliterator.forEachRemaining(StreamSpliterators.java:310)
	at java.base/java.util.stream.Streams$ConcatSpliterator.forEachRemaining(Streams.java:735)
	at java.base/java.util.stream.Streams$ConcatSpliterator.forEachRemaining(Streams.java:734)
	at java.base/java.util.stream.ReferencePipeline$Head.forEach(ReferencePipeline.java:762)
	at org.junit.jupiter.engine.descriptor.ClassBasedTestDescriptor.invokeTestInstancePostProcessors(ClassBasedTestDescriptor.java:376)
	at org.junit.jupiter.engine.descriptor.ClassBasedTestDescriptor.lambda$instantiateAndPostProcessTestInstance$6(ClassBasedTestDescriptor.java:289)
	at org.junit.platform.engine.support.hierarchical.ThrowableCollector.execute(ThrowableCollector.java:73)
	at org.junit.jupiter.engine.descriptor.ClassBasedTestDescriptor.instantiateAndPostProcessTestInstance(ClassBasedTestDescriptor.java:288)
	at org.junit.jupiter.engine.descriptor.ClassBasedTestDescriptor.lambda$testInstancesProvider$4(ClassBasedTestDescriptor.java:278)
	at java.base/java.util.Optional.orElseGet(Optional.java:364)
	at org.junit.jupiter.engine.descriptor.ClassBasedTestDescriptor.lambda$testInstancesProvider$5(ClassBasedTestDescriptor.java:277)
	at org.junit.jupiter.engine.execution.TestInstancesProvider.getTestInstances(TestInstancesProvider.java:31)
	at org.junit.jupiter.engine.descriptor.TestMethodTestDescriptor.lambda$prepare$0(TestMethodTestDescriptor.java:105)
	at org.junit.platform.engine.support.hierarchical.ThrowableCollector.execute(ThrowableCollector.java:73)
	at org.junit.jupiter.engine.descriptor.TestMethodTestDescriptor.prepare(TestMethodTestDescriptor.java:104)
	at org.junit.jupiter.engine.descriptor.TestMethodTestDescriptor.prepare(TestMethodTestDescriptor.java:68)
	at org.junit.platform.engine.support.hierarchical.NodeTestTask.lambda$prepare$2(NodeTestTask.java:123)
	at org.junit.platform.engine.support.hierarchical.ThrowableCollector.execute(ThrowableCollector.java:73)
	at org.junit.platform.engine.support.hierarchical.NodeTestTask.prepare(NodeTestTask.java:123)
	at org.junit.platform.engine.support.hierarchical.NodeTestTask.execute(NodeTestTask.java:90)
	at java.base/java.util.ArrayList.forEach(ArrayList.java:1511)
	at org.junit.platform.engine.support.hierarchical.SameThreadHierarchicalTestExecutorService.invokeAll(SameThreadHierarchicalTestExecutorService.java:41)
	at org.junit.platform.engine.support.hierarchical.NodeTestTask.lambda$executeRecursively$6(NodeTestTask.java:155)
	at org.junit.platform.engine.support.hierarchical.ThrowableCollector.execute(ThrowableCollector.java:73)
	at org.junit.platform.engine.support.hierarchical.NodeTestTask.lambda$executeRecursively$8(NodeTestTask.java:141)
	at org.junit.platform.engine.support.hierarchical.Node.around(Node.java:137)
	at org.junit.platform.engine.support.hierarchical.NodeTestTask.lambda$executeRecursively$9(NodeTestTask.java:139)
	at org.junit.platform.engine.support.hierarchical.ThrowableCollector.execute(ThrowableCollector.java:73)
	at org.junit.platform.engine.support.hierarchical.NodeTestTask.executeRecursively(NodeTestTask.java:138)
	at org.junit.platform.engine.support.hierarchical.NodeTestTask.execute(NodeTestTask.java:95)
	at java.base/java.util.ArrayList.forEach(ArrayList.java:1511)
	at org.junit.platform.engine.support.hierarchical.SameThreadHierarchicalTestExecutorService.invokeAll(SameThreadHierarchicalTestExecutorService.java:41)
	at org.junit.platform.engine.support.hierarchical.NodeTestTask.lambda$executeRecursively$6(NodeTestTask.java:155)
	at org.junit.platform.engine.support.hierarchical.ThrowableCollector.execute(ThrowableCollector.java:73)
	at org.junit.platform.engine.support.hierarchical.NodeTestTask.lambda$executeRecursively$8(NodeTestTask.java:141)
	at org.junit.platform.engine.support.hierarchical.Node.around(Node.java:137)
	at org.junit.platform.engine.support.hierarchical.NodeTestTask.lambda$executeRecursively$9(NodeTestTask.java:139)
	at org.junit.platform.engine.support.hierarchical.ThrowableCollector.execute(ThrowableCollector.java:73)
	at org.junit.platform.engine.support.hierarchical.NodeTestTask.executeRecursively(NodeTestTask.java:138)
	at org.junit.platform.engine.support.hierarchical.NodeTestTask.execute(NodeTestTask.java:95)
	at org.junit.platform.engine.support.hierarchical.SameThreadHierarchicalTestExecutorService.submit(SameThreadHierarchicalTestExecutorService.java:35)
	at org.junit.platform.engine.support.hierarchical.HierarchicalTestExecutor.execute(HierarchicalTestExecutor.java:57)
	at org.junit.platform.engine.support.hierarchical.HierarchicalTestEngine.execute(HierarchicalTestEngine.java:54)
	at org.junit.platform.launcher.core.EngineExecutionOrchestrator.execute(EngineExecutionOrchestrator.java:147)
	at org.junit.platform.launcher.core.EngineExecutionOrchestrator.execute(EngineExecutionOrchestrator.java:127)
	at org.junit.platform.launcher.core.EngineExecutionOrchestrator.execute(EngineExecutionOrchestrator.java:90)
	at org.junit.platform.launcher.core.EngineExecutionOrchestrator.lambda$execute$0(EngineExecutionOrchestrator.java:55)
	at org.junit.platform.launcher.core.EngineExecutionOrchestrator.withInterceptedStreams(EngineExecutionOrchestrator.java:102)
	at org.junit.platform.launcher.core.EngineExecutionOrchestrator.execute(EngineExecutionOrchestrator.java:54)
	at org.junit.platform.launcher.core.DefaultLauncher.execute(DefaultLauncher.java:114)
	at org.junit.platform.launcher.core.DefaultLauncher.execute(DefaultLauncher.java:95)
	at org.junit.platform.launcher.core.DefaultLauncherSession$DelegatingLauncher.execute(DefaultLauncherSession.java:91)
	at org.junit.platform.launcher.core.SessionPerRequestLauncher.execute(SessionPerRequestLauncher.java:60)
	at org.eclipse.jdt.internal.junit5.runner.JUnit5TestReference.run(JUnit5TestReference.java:98)
	at org.eclipse.jdt.internal.junit.runner.TestExecution.run(TestExecution.java:40)
	at org.eclipse.jdt.internal.junit.runner.RemoteTestRunner.runTests(RemoteTestRunner.java:529)
	at org.eclipse.jdt.internal.junit.runner.RemoteTestRunner.runTests(RemoteTestRunner.java:756)
	at org.eclipse.jdt.internal.junit.runner.RemoteTestRunner.run(RemoteTestRunner.java:452)
	at org.eclipse.jdt.internal.junit.runner.RemoteTestRunner.main(RemoteTestRunner.java:210)
2023-03-12_21-09-54 [main] INFO  o.h.e.t.j.p.i.JtaPlatformInitiator - HHH000490: Using JtaPlatform implementation: [org.hibernate.engine.transaction.jta.platform.internal.NoJtaPlatform]
2023-03-12_21-09-54 [main] INFO  o.s.o.j.LocalContainerEntityManagerFactoryBean - Initialized JPA EntityManagerFactory for persistence unit 'default'
2023-03-12_21-09-54 [main] INFO  o.s.b.a.h.H2ConsoleAutoConfiguration - H2 console available at '/db'. Database available at 'jdbc:h2:mem:pensionerDetail'
2023-03-12_21-09-54 [main] INFO  c.e.P.PensionerDetailApplicationTests - Started PensionerDetailApplicationTests in 3.022 seconds (process running for 26.692)
2023-03-12_21-09-54 [main] INFO  o.s.t.c.s.AnnotationConfigContextLoaderUtils - Could not detect default configuration classes for test class [com.example.PensionerDetail.controller.PensionerDetailControllerTest]: PensionerDetailControllerTest does not declare any static, non-private, non-final, nested classes annotated with @Configuration.
2023-03-12_21-09-54 [main] INFO  o.s.b.t.c.SpringBootTestContextBootstrapper - Found @SpringBootConfiguration com.example.pensionerDetail.PensionerDetailApplication for test class com.example.PensionerDetail.controller.PensionerDetailControllerTest
2023-03-12_21-09-54 [main] INFO  c.e.p.c.PensionerDetailController - START pensionerDetailByAadhaar
2023-03-12_21-09-54 [SpringApplicationShutdownHook] INFO  o.s.o.j.LocalContainerEntityManagerFactoryBean - Closing JPA EntityManagerFactory for persistence unit 'default'
2023-03-12_21-09-54 [SpringApplicationShutdownHook] INFO  o.h.t.s.i.SchemaDropperImpl$DelayedDropActionImpl - HHH000477: Starting delayed evictData of schema as part of SessionFactory shut-down'
2023-03-12_21-09-54 [SpringApplicationShutdownHook] INFO  com.zaxxer.hikari.HikariDataSource - HikariPool-1 - Shutdown initiated...
2023-03-12_21-09-54 [SpringApplicationShutdownHook] INFO  com.zaxxer.hikari.HikariDataSource - HikariPool-1 - Shutdown completed.
2023-03-12_21-09-54 [SpringApplicationShutdownHook] INFO  o.s.o.j.LocalContainerEntityManagerFactoryBean - Closing JPA EntityManagerFactory for persistence unit 'default'
2023-03-12_21-09-54 [SpringApplicationShutdownHook] INFO  o.h.t.s.i.SchemaDropperImpl$DelayedDropActionImpl - HHH000477: Starting delayed evictData of schema as part of SessionFactory shut-down'
2023-03-12_21-09-54 [SpringApplicationShutdownHook] INFO  com.zaxxer.hikari.HikariDataSource - HikariPool-2 - Shutdown initiated...
2023-03-12_21-09-54 [SpringApplicationShutdownHook] INFO  com.zaxxer.hikari.HikariDataSource - HikariPool-2 - Shutdown completed.
