2023-03-12_10-49-09 [restartedMain] INFO  c.e.P.PensionDisbursementApplication - Starting PensionDisbursementApplication using Java 18.0.2 with PID 2676 (D:\code\Java\PensionDisbursement\target\classes started by Rituraj in D:\code\Java\PensionDisbursement)
2023-03-12_10-49-09 [restartedMain] INFO  c.e.P.PensionDisbursementApplication - No active profile set, falling back to 1 default profile: "default"
2023-03-12_10-49-09 [restartedMain] INFO  o.s.b.d.e.DevToolsPropertyDefaultsPostProcessor - Devtools property defaults active! Set 'spring.devtools.add-properties' to 'false' to disable
2023-03-12_10-49-09 [restartedMain] INFO  o.s.b.d.e.DevToolsPropertyDefaultsPostProcessor - For additional web related logging consider setting the 'logging.level.web' property to 'DEBUG'
2023-03-12_10-49-09 [restartedMain] INFO  o.s.d.r.c.RepositoryConfigurationDelegate - Bootstrapping Spring Data JPA repositories in DEFAULT mode.
2023-03-12_10-49-09 [restartedMain] INFO  o.s.d.r.c.RepositoryConfigurationDelegate - Finished Spring Data repository scanning in 27 ms. Found 0 JPA repository interfaces.
2023-03-12_10-49-09 [restartedMain] INFO  o.s.cloud.context.scope.GenericScope - BeanFactory id=f9a6fc17-50dc-3f72-9156-a65df2514ce5
2023-03-12_10-49-09 [restartedMain] INFO  o.s.c.s.PostProcessorRegistrationDelegate$BeanPostProcessorChecker - Bean 'com.example.PensionDisbursement.client.PensionDetailClient' of type [org.springframework.cloud.openfeign.FeignClientFactoryBean] is not eligible for getting processed by all BeanPostProcessors (for example: not eligible for auto-proxying)
2023-03-12_10-49-09 [restartedMain] INFO  o.s.b.w.e.tomcat.TomcatWebServer - Tomcat initialized with port(s): 8082 (http)
2023-03-12_10-49-09 [restartedMain] INFO  o.a.coyote.http11.Http11NioProtocol - Initializing ProtocolHandler ["http-nio-8082"]
2023-03-12_10-49-09 [restartedMain] INFO  o.a.catalina.core.StandardService - Starting service [Tomcat]
2023-03-12_10-49-09 [restartedMain] INFO  o.a.catalina.core.StandardEngine - Starting Servlet engine: [Apache Tomcat/10.1.5]
2023-03-12_10-49-09 [restartedMain] INFO  o.a.c.c.C.[Tomcat].[localhost].[/] - Initializing Spring embedded WebApplicationContext
2023-03-12_10-49-09 [restartedMain] INFO  o.s.b.w.s.c.ServletWebServerApplicationContext - Root WebApplicationContext: initialization completed in 3801 ms
2023-03-12_10-49-09 [restartedMain] INFO  com.zaxxer.hikari.HikariDataSource - HikariPool-1 - Starting...
2023-03-12_10-49-09 [restartedMain] INFO  com.zaxxer.hikari.pool.HikariPool - HikariPool-1 - Added connection conn0: url=jdbc:h2:mem:fce73e93-4b73-4b4b-86b1-47d4818a51d5 user=SA
2023-03-12_10-49-09 [restartedMain] INFO  com.zaxxer.hikari.HikariDataSource - HikariPool-1 - Start completed.
2023-03-12_10-49-09 [restartedMain] INFO  o.s.b.a.h.H2ConsoleAutoConfiguration - H2 console available at '/h2-console'. Database available at 'jdbc:h2:mem:fce73e93-4b73-4b4b-86b1-47d4818a51d5'
2023-03-12_10-49-09 [restartedMain] INFO  o.h.jpa.internal.util.LogHelper - HHH000204: Processing PersistenceUnitInfo [name: default]
2023-03-12_10-49-09 [restartedMain] INFO  org.hibernate.Version - HHH000412: Hibernate ORM core version 6.1.6.Final
2023-03-12_10-49-09 [restartedMain] INFO  SQL dialect - HHH000400: Using dialect: org.hibernate.dialect.H2Dialect
2023-03-12_10-49-09 [restartedMain] INFO  o.h.e.t.j.p.i.JtaPlatformInitiator - HHH000490: Using JtaPlatform implementation: [org.hibernate.engine.transaction.jta.platform.internal.NoJtaPlatform]
2023-03-12_10-49-09 [restartedMain] INFO  o.s.o.j.LocalContainerEntityManagerFactoryBean - Initialized JPA EntityManagerFactory for persistence unit 'default'
2023-03-12_10-49-09 [restartedMain] INFO  o.a.coyote.http11.Http11NioProtocol - Starting ProtocolHandler ["http-nio-8082"]
2023-03-12_10-49-09 [restartedMain] INFO  o.s.b.w.e.tomcat.TomcatWebServer - Tomcat started on port(s): 8082 (http) with context path ''
2023-03-12_10-49-09 [restartedMain] INFO  c.e.P.PensionDisbursementApplication - Started PensionDisbursementApplication in 8.438 seconds (process running for 12.324)
2023-03-12_10-49-09 [http-nio-8082-exec-1] INFO  o.a.c.c.C.[Tomcat].[localhost].[/] - Initializing Spring DispatcherServlet 'dispatcherServlet'
2023-03-12_10-49-09 [http-nio-8082-exec-1] INFO  o.s.web.servlet.DispatcherServlet - Initializing Servlet 'dispatcherServlet'
2023-03-12_10-49-09 [http-nio-8082-exec-1] INFO  o.s.web.servlet.DispatcherServlet - Completed initialization in 3 ms
2023-03-12_10-49-09 [http-nio-8082-exec-1] INFO  c.e.P.c.PensionDisbursementController - START disbursePension
2023-03-12_10-49-09 [http-nio-8082-exec-1] INFO  c.e.P.s.PensionDisbursementService - START disbursePension
2023-03-12_10-49-09 [http-nio-8082-exec-1] INFO  c.e.P.s.PensionDisbursementService - END disbursePension
2023-03-12_10-49-09 [http-nio-8082-exec-2] INFO  c.e.P.c.PensionDisbursementController - START disbursePension
2023-03-12_10-49-09 [http-nio-8082-exec-2] INFO  c.e.P.s.PensionDisbursementService - START disbursePension
2023-03-12_10-49-09 [http-nio-8082-exec-2] INFO  c.e.P.s.PensionDisbursementService - END disbursePension
2023-03-12_10-49-09 [http-nio-8082-exec-3] INFO  c.e.P.c.PensionDisbursementController - START disbursePension
2023-03-12_10-49-09 [http-nio-8082-exec-3] INFO  c.e.P.s.PensionDisbursementService - START disbursePension
2023-03-12_10-49-09 [http-nio-8082-exec-4] INFO  c.e.P.c.PensionDisbursementController - START disbursePension
2023-03-12_10-49-09 [http-nio-8082-exec-4] INFO  c.e.P.s.PensionDisbursementService - START disbursePension
2023-03-12_10-49-09 [http-nio-8082-exec-5] INFO  c.e.P.c.PensionDisbursementController - START disbursePension
2023-03-12_10-49-09 [http-nio-8082-exec-5] INFO  c.e.P.s.PensionDisbursementService - START disbursePension
2023-03-12_10-49-09 [http-nio-8082-exec-5] INFO  c.e.P.s.PensionDisbursementService - END disbursePension
2023-03-12_10-49-09 [http-nio-8082-exec-7] INFO  c.e.P.c.PensionDisbursementController - START disbursePension
2023-03-12_10-49-09 [http-nio-8082-exec-7] INFO  c.e.P.s.PensionDisbursementService - START disbursePension
2023-03-12_10-49-09 [http-nio-8082-exec-7] INFO  c.e.P.s.PensionDisbursementService - END disbursePension
2023-03-12_10-49-09 [http-nio-8082-exec-9] INFO  c.e.P.c.PensionDisbursementController - START disbursePension
2023-03-12_10-49-09 [http-nio-8082-exec-9] INFO  c.e.P.s.PensionDisbursementService - START disbursePension
2023-03-12_10-49-09 [http-nio-8082-exec-9] INFO  c.e.P.s.PensionDisbursementService - END disbursePension
2023-03-12_10-49-09 [http-nio-8082-exec-1] INFO  c.e.P.c.PensionDisbursementController - START disbursePension
2023-03-12_10-49-09 [http-nio-8082-exec-1] INFO  c.e.P.s.PensionDisbursementService - START disbursePension
2023-03-12_10-49-09 [http-nio-8082-exec-1] INFO  c.e.P.s.PensionDisbursementService - END disbursePension
2023-03-12_10-49-09 [http-nio-8082-exec-3] INFO  c.e.P.c.PensionDisbursementController - START disbursePension
2023-03-12_10-49-09 [http-nio-8082-exec-3] INFO  c.e.P.s.PensionDisbursementService - START disbursePension
2023-03-12_10-49-09 [http-nio-8082-exec-3] INFO  c.e.P.s.PensionDisbursementService - END disbursePension
2023-03-12_21-07-30 [main] INFO  o.s.t.c.s.AnnotationConfigContextLoaderUtils - Could not detect default configuration classes for test class [com.example.pensionDisbursement.controller.PensionDisbursementControllerTest]: PensionDisbursementControllerTest does not declare any static, non-private, non-final, nested classes annotated with @Configuration.
2023-03-12_21-07-30 [main] INFO  o.s.b.t.c.SpringBootTestContextBootstrapper - Found @SpringBootConfiguration com.example.PensionDisbursement.PensionDisbursementApplication for test class com.example.pensionDisbursement.controller.PensionDisbursementControllerTest
2023-03-12_21-07-32 [main] INFO  c.e.p.c.PensionDisbursementControllerTest - Starting PensionDisbursementControllerTest using Java 18.0.2 with PID 10084 (started by Rituraj in D:\code\Java\PensionDisbursement)
2023-03-12_21-07-32 [main] INFO  c.e.p.c.PensionDisbursementControllerTest - No active profile set, falling back to 1 default profile: "default"
2023-03-12_21-07-32 [main] INFO  o.s.d.r.c.RepositoryConfigurationDelegate - Bootstrapping Spring Data JPA repositories in DEFAULT mode.
2023-03-12_21-07-32 [main] INFO  o.s.d.r.c.RepositoryConfigurationDelegate - Finished Spring Data repository scanning in 35 ms. Found 0 JPA repository interfaces.
2023-03-12_21-07-32 [main] INFO  o.s.cloud.context.scope.GenericScope - BeanFactory id=348cc488-fa7c-3f5d-970c-04cfa6553ccd
2023-03-12_21-07-32 [main] INFO  o.s.c.s.PostProcessorRegistrationDelegate$BeanPostProcessorChecker - Bean 'com.example.PensionDisbursement.client.PensionDetailClient' of type [org.springframework.cloud.openfeign.FeignClientFactoryBean] is not eligible for getting processed by all BeanPostProcessors (for example: not eligible for auto-proxying)
2023-03-12_21-07-32 [main] INFO  com.zaxxer.hikari.HikariDataSource - HikariPool-1 - Starting...
2023-03-12_21-07-32 [main] INFO  com.zaxxer.hikari.pool.HikariPool - HikariPool-1 - Added connection conn0: url=jdbc:h2:mem:cfc5a1ca-d838-45a8-beb1-a8dd92ba2220 user=SA
2023-03-12_21-07-32 [main] INFO  com.zaxxer.hikari.HikariDataSource - HikariPool-1 - Start completed.
2023-03-12_21-07-32 [main] INFO  o.h.jpa.internal.util.LogHelper - HHH000204: Processing PersistenceUnitInfo [name: default]
2023-03-12_21-07-32 [main] INFO  org.hibernate.Version - HHH000412: Hibernate ORM core version 6.1.6.Final
2023-03-12_21-07-32 [main] INFO  SQL dialect - HHH000400: Using dialect: org.hibernate.dialect.H2Dialect
2023-03-12_21-07-32 [main] INFO  o.h.e.t.j.p.i.JtaPlatformInitiator - HHH000490: Using JtaPlatform implementation: [org.hibernate.engine.transaction.jta.platform.internal.NoJtaPlatform]
2023-03-12_21-07-32 [main] INFO  o.s.o.j.LocalContainerEntityManagerFactoryBean - Initialized JPA EntityManagerFactory for persistence unit 'default'
2023-03-12_21-07-32 [main] INFO  o.s.b.t.m.w.SpringBootMockServletContext - Initializing Spring TestDispatcherServlet ''
2023-03-12_21-07-32 [main] INFO  o.s.t.w.s.TestDispatcherServlet - Initializing Servlet ''
2023-03-12_21-07-32 [main] INFO  o.s.t.w.s.TestDispatcherServlet - Completed initialization in 4 ms
2023-03-12_21-07-32 [main] INFO  c.e.p.c.PensionDisbursementControllerTest - Started PensionDisbursementControllerTest in 10.157 seconds (process running for 15.102)
2023-03-12_21-07-32 [main] INFO  c.e.P.c.PensionDisbursementController - START disbursePension
2023-03-12_21-07-32 [main] INFO  o.s.t.c.s.AnnotationConfigContextLoaderUtils - Could not detect default configuration classes for test class [com.example.pensionDisbursement.ProcessPensionApplicationTests]: ProcessPensionApplicationTests does not declare any static, non-private, non-final, nested classes annotated with @Configuration.
2023-03-12_21-07-32 [main] INFO  o.s.b.t.c.SpringBootTestContextBootstrapper - Found @SpringBootConfiguration com.example.PensionDisbursement.PensionDisbursementApplication for test class com.example.pensionDisbursement.ProcessPensionApplicationTests
2023-03-12_21-07-44 [main] INFO  c.e.p.ProcessPensionApplicationTests - Starting ProcessPensionApplicationTests using Java 18.0.2 with PID 10084 (started by Rituraj in D:\code\Java\PensionDisbursement)
2023-03-12_21-07-44 [main] INFO  c.e.p.ProcessPensionApplicationTests - No active profile set, falling back to 1 default profile: "default"
2023-03-12_21-07-44 [main] INFO  o.s.d.r.c.RepositoryConfigurationDelegate - Bootstrapping Spring Data JPA repositories in DEFAULT mode.
2023-03-12_21-07-44 [main] INFO  o.s.d.r.c.RepositoryConfigurationDelegate - Finished Spring Data repository scanning in 8 ms. Found 0 JPA repository interfaces.
2023-03-12_21-07-44 [main] INFO  o.s.cloud.context.scope.GenericScope - BeanFactory id=3ac325e2-d04b-3e88-95ca-6e9c33b02b04
2023-03-12_21-07-44 [main] INFO  o.s.c.s.PostProcessorRegistrationDelegate$BeanPostProcessorChecker - Bean 'com.example.PensionDisbursement.client.PensionDetailClient' of type [org.springframework.cloud.openfeign.FeignClientFactoryBean] is not eligible for getting processed by all BeanPostProcessors (for example: not eligible for auto-proxying)
2023-03-12_21-07-44 [main] INFO  com.zaxxer.hikari.HikariDataSource - HikariPool-2 - Starting...
2023-03-12_21-07-44 [main] INFO  com.zaxxer.hikari.pool.HikariPool - HikariPool-2 - Added connection conn10: url=jdbc:h2:mem:3bced074-a4e5-48bc-9674-b5e8f8d02d0b user=SA
2023-03-12_21-07-44 [main] INFO  com.zaxxer.hikari.HikariDataSource - HikariPool-2 - Start completed.
2023-03-12_21-07-44 [main] INFO  o.h.jpa.internal.util.LogHelper - HHH000204: Processing PersistenceUnitInfo [name: default]
2023-03-12_21-07-44 [main] INFO  SQL dialect - HHH000400: Using dialect: org.hibernate.dialect.H2Dialect
2023-03-12_21-07-44 [main] INFO  o.h.e.t.j.p.i.JtaPlatformInitiator - HHH000490: Using JtaPlatform implementation: [org.hibernate.engine.transaction.jta.platform.internal.NoJtaPlatform]
2023-03-12_21-07-44 [main] INFO  o.s.o.j.LocalContainerEntityManagerFactoryBean - Initialized JPA EntityManagerFactory for persistence unit 'default'
2023-03-12_21-07-44 [main] INFO  c.e.p.ProcessPensionApplicationTests - Started ProcessPensionApplicationTests in 1.902 seconds (process running for 18.476)
2023-03-12_21-07-44 [main] INFO  o.s.t.c.s.AnnotationConfigContextLoaderUtils - Could not detect default configuration classes for test class [com.example.pensionDisbursement.service.PensionDisbursementServiceTest]: PensionDisbursementServiceTest does not declare any static, non-private, non-final, nested classes annotated with @Configuration.
2023-03-12_21-07-44 [main] INFO  o.s.b.t.c.SpringBootTestContextBootstrapper - Found @SpringBootConfiguration com.example.PensionDisbursement.PensionDisbursementApplication for test class com.example.pensionDisbursement.service.PensionDisbursementServiceTest
2023-03-12_21-07-44 [main] INFO  c.e.P.s.PensionDisbursementService - START disbursePension
2023-03-12_21-07-44 [main] INFO  c.e.P.s.PensionDisbursementService - END disbursePension
2023-03-12_21-07-44 [main] INFO  c.e.P.s.PensionDisbursementService - START disbursePension
2023-03-12_21-07-44 [main] INFO  c.e.P.s.PensionDisbursementService - END disbursePension
2023-03-12_21-07-44 [main] INFO  c.e.P.s.PensionDisbursementService - START disbursePension
2023-03-12_21-07-44 [main] INFO  c.e.P.s.PensionDisbursementService - END disbursePension
2023-03-12_21-07-44 [main] INFO  c.e.P.s.PensionDisbursementService - START disbursePension
2023-03-12_21-07-44 [main] INFO  c.e.P.s.PensionDisbursementService - END disbursePension
2023-03-12_21-07-44 [SpringApplicationShutdownHook] INFO  o.s.o.j.LocalContainerEntityManagerFactoryBean - Closing JPA EntityManagerFactory for persistence unit 'default'
2023-03-12_21-07-44 [SpringApplicationShutdownHook] INFO  com.zaxxer.hikari.HikariDataSource - HikariPool-1 - Shutdown initiated...
2023-03-12_21-07-44 [SpringApplicationShutdownHook] INFO  com.zaxxer.hikari.HikariDataSource - HikariPool-1 - Shutdown completed.
2023-03-12_21-07-44 [SpringApplicationShutdownHook] INFO  o.s.o.j.LocalContainerEntityManagerFactoryBean - Closing JPA EntityManagerFactory for persistence unit 'default'
2023-03-12_21-07-44 [SpringApplicationShutdownHook] INFO  com.zaxxer.hikari.HikariDataSource - HikariPool-2 - Shutdown initiated...
2023-03-12_21-07-44 [SpringApplicationShutdownHook] INFO  com.zaxxer.hikari.HikariDataSource - HikariPool-2 - Shutdown completed.
